   1              		.syntax unified
   2              		.cpu cortex-m3
   3              		.fpu softvfp
   4              		.eabi_attribute 20, 1
   5              		.eabi_attribute 21, 1
   6              		.eabi_attribute 23, 3
   7              		.eabi_attribute 24, 1
   8              		.eabi_attribute 25, 1
   9              		.eabi_attribute 26, 1
  10              		.eabi_attribute 30, 6
  11              		.eabi_attribute 18, 4
  12              		.thumb
  13              		.file	"stm32f10x_it.c"
  21              	.Ltext0:
  22              		.section	.text.NMI_Handler,"ax",%progbits
  23              		.align	2
  24              		.global	NMI_Handler
  25              		.thumb
  26              		.thumb_func
  28              	NMI_Handler:
  29              	.LFB27:
  30              		.file 1 "stm32f10x_it.c"
   1:stm32f10x_it.c **** /**
   2:stm32f10x_it.c ****   ******************************************************************************
   3:stm32f10x_it.c ****   * @file    Project/Template/stm32f10x_it.c 
   4:stm32f10x_it.c ****   * @author  MCD Application Team
   5:stm32f10x_it.c ****   * @version V3.1.0
   6:stm32f10x_it.c ****   * @date    06/19/2009
   7:stm32f10x_it.c ****   * @brief   Main Interrupt Service Routines.
   8:stm32f10x_it.c ****   *          This file provides template for all exceptions handler and 
   9:stm32f10x_it.c ****   *          peripherals interrupt service routine.
  10:stm32f10x_it.c ****   ******************************************************************************
  11:stm32f10x_it.c ****   * @copy
  12:stm32f10x_it.c ****   *
  13:stm32f10x_it.c ****   * THE PRESENT FIRMWARE WHICH IS FOR GUIDANCE ONLY AIMS AT PROVIDING CUSTOMERS
  14:stm32f10x_it.c ****   * WITH CODING INFORMATION REGARDING THEIR PRODUCTS IN ORDER FOR THEM TO SAVE
  15:stm32f10x_it.c ****   * TIME. AS A RESULT, STMICROELECTRONICS SHALL NOT BE HELD LIABLE FOR ANY
  16:stm32f10x_it.c ****   * DIRECT, INDIRECT OR CONSEQUENTIAL DAMAGES WITH RESPECT TO ANY CLAIMS ARISING
  17:stm32f10x_it.c ****   * FROM THE CONTENT OF SUCH FIRMWARE AND/OR THE USE MADE BY CUSTOMERS OF THE
  18:stm32f10x_it.c ****   * CODING INFORMATION CONTAINED HEREIN IN CONNECTION WITH THEIR PRODUCTS.
  19:stm32f10x_it.c ****   *
  20:stm32f10x_it.c ****   * <h2><center>&copy; COPYRIGHT 2009 STMicroelectronics</center></h2>
  21:stm32f10x_it.c ****   */ 
  22:stm32f10x_it.c **** 
  23:stm32f10x_it.c **** /* Includes ------------------------------------------------------------------*/
  24:stm32f10x_it.c **** #include "stm32f10x_it.h"
  25:stm32f10x_it.c **** 
  26:stm32f10x_it.c **** /** @addtogroup Template_Project
  27:stm32f10x_it.c ****   * @{
  28:stm32f10x_it.c ****   */
  29:stm32f10x_it.c **** 
  30:stm32f10x_it.c **** /* Private typedef -----------------------------------------------------------*/
  31:stm32f10x_it.c **** /* Private define ------------------------------------------------------------*/
  32:stm32f10x_it.c **** /* Private macro -------------------------------------------------------------*/
  33:stm32f10x_it.c **** /* Private variables ---------------------------------------------------------*/
  34:stm32f10x_it.c **** /* Private function prototypes -----------------------------------------------*/
  35:stm32f10x_it.c **** /* Private functions ---------------------------------------------------------*/
  36:stm32f10x_it.c **** 
  37:stm32f10x_it.c **** /******************************************************************************/
  38:stm32f10x_it.c **** /*            Cortex-M3 Processor Exceptions Handlers                         */
  39:stm32f10x_it.c **** /******************************************************************************/
  40:stm32f10x_it.c **** 
  41:stm32f10x_it.c **** /**
  42:stm32f10x_it.c ****   * @brief   This function handles NMI exception.
  43:stm32f10x_it.c ****   * @param  None
  44:stm32f10x_it.c ****   * @retval None
  45:stm32f10x_it.c ****   */
  46:stm32f10x_it.c **** void NMI_Handler(void)
  47:stm32f10x_it.c **** {
  31              		.loc 1 47 0
  32              		.cfi_startproc
  33              		@ args = 0, pretend = 0, frame = 0
  34              		@ frame_needed = 1, uses_anonymous_args = 0
  35              		@ link register save eliminated.
  36 0000 80B4     		push	{r7}
  37              	.LCFI0:
  38              		.cfi_def_cfa_offset 4
  39 0002 00AF     		add	r7, sp, #0
  40              		.cfi_offset 7, -4
  41              	.LCFI1:
  42              		.cfi_def_cfa_register 7
  48:stm32f10x_it.c **** }
  43              		.loc 1 48 0
  44 0004 BD46     		mov	sp, r7
  45 0006 80BC     		pop	{r7}
  46 0008 7047     		bx	lr
  47              		.cfi_endproc
  48              	.LFE27:
  50 000a C046     		.section	.text.HardFault_Handler,"ax",%progbits
  51              		.align	2
  52              		.global	HardFault_Handler
  53              		.thumb
  54              		.thumb_func
  56              	HardFault_Handler:
  57              	.LFB28:
  49:stm32f10x_it.c **** 
  50:stm32f10x_it.c **** /**
  51:stm32f10x_it.c ****   * @brief  This function handles Hard Fault exception.
  52:stm32f10x_it.c ****   * @param  None
  53:stm32f10x_it.c ****   * @retval None
  54:stm32f10x_it.c ****   */
  55:stm32f10x_it.c **** void HardFault_Handler(void)
  56:stm32f10x_it.c **** {
  58              		.loc 1 56 0
  59              		.cfi_startproc
  60              		@ args = 0, pretend = 0, frame = 0
  61              		@ frame_needed = 1, uses_anonymous_args = 0
  62              		@ link register save eliminated.
  63 0000 80B4     		push	{r7}
  64              	.LCFI2:
  65              		.cfi_def_cfa_offset 4
  66 0002 00AF     		add	r7, sp, #0
  67              		.cfi_offset 7, -4
  68              	.LCFI3:
  69              		.cfi_def_cfa_register 7
  70              	.L4:
  57:stm32f10x_it.c ****   /* Go to infinite loop when Hard Fault exception occurs */
  58:stm32f10x_it.c ****   while (1)
  59:stm32f10x_it.c ****   {
  60:stm32f10x_it.c ****   }
  71              		.loc 1 60 0
  72 0004 FEE7     		b	.L4
  73              		.cfi_endproc
  74              	.LFE28:
  76 0006 C046     		.section	.text.MemManage_Handler,"ax",%progbits
  77              		.align	2
  78              		.global	MemManage_Handler
  79              		.thumb
  80              		.thumb_func
  82              	MemManage_Handler:
  83              	.LFB29:
  61:stm32f10x_it.c **** }
  62:stm32f10x_it.c **** 
  63:stm32f10x_it.c **** /**
  64:stm32f10x_it.c ****   * @brief  This function handles Memory Manage exception.
  65:stm32f10x_it.c ****   * @param  None
  66:stm32f10x_it.c ****   * @retval None
  67:stm32f10x_it.c ****   */
  68:stm32f10x_it.c **** void MemManage_Handler(void)
  69:stm32f10x_it.c **** {
  84              		.loc 1 69 0
  85              		.cfi_startproc
  86              		@ args = 0, pretend = 0, frame = 0
  87              		@ frame_needed = 1, uses_anonymous_args = 0
  88              		@ link register save eliminated.
  89 0000 80B4     		push	{r7}
  90              	.LCFI4:
  91              		.cfi_def_cfa_offset 4
  92 0002 00AF     		add	r7, sp, #0
  93              		.cfi_offset 7, -4
  94              	.LCFI5:
  95              		.cfi_def_cfa_register 7
  96              	.L7:
  70:stm32f10x_it.c ****   /* Go to infinite loop when Memory Manage exception occurs */
  71:stm32f10x_it.c ****   while (1)
  72:stm32f10x_it.c ****   {
  73:stm32f10x_it.c ****   }
  97              		.loc 1 73 0
  98 0004 FEE7     		b	.L7
  99              		.cfi_endproc
 100              	.LFE29:
 102 0006 C046     		.section	.text.BusFault_Handler,"ax",%progbits
 103              		.align	2
 104              		.global	BusFault_Handler
 105              		.thumb
 106              		.thumb_func
 108              	BusFault_Handler:
 109              	.LFB30:
  74:stm32f10x_it.c **** }
  75:stm32f10x_it.c **** 
  76:stm32f10x_it.c **** /**
  77:stm32f10x_it.c ****   * @brief  This function handles Bus Fault exception.
  78:stm32f10x_it.c ****   * @param  None
  79:stm32f10x_it.c ****   * @retval None
  80:stm32f10x_it.c ****   */
  81:stm32f10x_it.c **** void BusFault_Handler(void)
  82:stm32f10x_it.c **** {
 110              		.loc 1 82 0
 111              		.cfi_startproc
 112              		@ args = 0, pretend = 0, frame = 0
 113              		@ frame_needed = 1, uses_anonymous_args = 0
 114              		@ link register save eliminated.
 115 0000 80B4     		push	{r7}
 116              	.LCFI6:
 117              		.cfi_def_cfa_offset 4
 118 0002 00AF     		add	r7, sp, #0
 119              		.cfi_offset 7, -4
 120              	.LCFI7:
 121              		.cfi_def_cfa_register 7
 122              	.L10:
  83:stm32f10x_it.c ****   /* Go to infinite loop when Bus Fault exception occurs */
  84:stm32f10x_it.c ****   while (1)
  85:stm32f10x_it.c ****   {
  86:stm32f10x_it.c ****   }
 123              		.loc 1 86 0
 124 0004 FEE7     		b	.L10
 125              		.cfi_endproc
 126              	.LFE30:
 128 0006 C046     		.section	.text.UsageFault_Handler,"ax",%progbits
 129              		.align	2
 130              		.global	UsageFault_Handler
 131              		.thumb
 132              		.thumb_func
 134              	UsageFault_Handler:
 135              	.LFB31:
  87:stm32f10x_it.c **** }
  88:stm32f10x_it.c **** 
  89:stm32f10x_it.c **** /**
  90:stm32f10x_it.c ****   * @brief  This function handles Usage Fault exception.
  91:stm32f10x_it.c ****   * @param  None
  92:stm32f10x_it.c ****   * @retval None
  93:stm32f10x_it.c ****   */
  94:stm32f10x_it.c **** void UsageFault_Handler(void)
  95:stm32f10x_it.c **** {
 136              		.loc 1 95 0
 137              		.cfi_startproc
 138              		@ args = 0, pretend = 0, frame = 0
 139              		@ frame_needed = 1, uses_anonymous_args = 0
 140              		@ link register save eliminated.
 141 0000 80B4     		push	{r7}
 142              	.LCFI8:
 143              		.cfi_def_cfa_offset 4
 144 0002 00AF     		add	r7, sp, #0
 145              		.cfi_offset 7, -4
 146              	.LCFI9:
 147              		.cfi_def_cfa_register 7
 148              	.L13:
  96:stm32f10x_it.c ****   /* Go to infinite loop when Usage Fault exception occurs */
  97:stm32f10x_it.c ****   while (1)
  98:stm32f10x_it.c ****   {
  99:stm32f10x_it.c ****   }
 149              		.loc 1 99 0
 150 0004 FEE7     		b	.L13
 151              		.cfi_endproc
 152              	.LFE31:
 154 0006 C046     		.section	.text.SVC_Handler,"ax",%progbits
 155              		.align	2
 156              		.global	SVC_Handler
 157              		.thumb
 158              		.thumb_func
 160              	SVC_Handler:
 161              	.LFB32:
 100:stm32f10x_it.c **** }
 101:stm32f10x_it.c **** 
 102:stm32f10x_it.c **** /**
 103:stm32f10x_it.c ****   * @brief  This function handles SVCall exception.
 104:stm32f10x_it.c ****   * @param  None
 105:stm32f10x_it.c ****   * @retval None
 106:stm32f10x_it.c ****   */
 107:stm32f10x_it.c **** void SVC_Handler(void)
 108:stm32f10x_it.c **** {
 162              		.loc 1 108 0
 163              		.cfi_startproc
 164              		@ args = 0, pretend = 0, frame = 0
 165              		@ frame_needed = 1, uses_anonymous_args = 0
 166              		@ link register save eliminated.
 167 0000 80B4     		push	{r7}
 168              	.LCFI10:
 169              		.cfi_def_cfa_offset 4
 170 0002 00AF     		add	r7, sp, #0
 171              		.cfi_offset 7, -4
 172              	.LCFI11:
 173              		.cfi_def_cfa_register 7
 109:stm32f10x_it.c **** }
 174              		.loc 1 109 0
 175 0004 BD46     		mov	sp, r7
 176 0006 80BC     		pop	{r7}
 177 0008 7047     		bx	lr
 178              		.cfi_endproc
 179              	.LFE32:
 181 000a C046     		.section	.text.DebugMon_Handler,"ax",%progbits
 182              		.align	2
 183              		.global	DebugMon_Handler
 184              		.thumb
 185              		.thumb_func
 187              	DebugMon_Handler:
 188              	.LFB33:
 110:stm32f10x_it.c **** 
 111:stm32f10x_it.c **** /**
 112:stm32f10x_it.c ****   * @brief  This function handles Debug Monitor exception.
 113:stm32f10x_it.c ****   * @param  None
 114:stm32f10x_it.c ****   * @retval None
 115:stm32f10x_it.c ****   */
 116:stm32f10x_it.c **** void DebugMon_Handler(void)
 117:stm32f10x_it.c **** {
 189              		.loc 1 117 0
 190              		.cfi_startproc
 191              		@ args = 0, pretend = 0, frame = 0
 192              		@ frame_needed = 1, uses_anonymous_args = 0
 193              		@ link register save eliminated.
 194 0000 80B4     		push	{r7}
 195              	.LCFI12:
 196              		.cfi_def_cfa_offset 4
 197 0002 00AF     		add	r7, sp, #0
 198              		.cfi_offset 7, -4
 199              	.LCFI13:
 200              		.cfi_def_cfa_register 7
 118:stm32f10x_it.c **** }
 201              		.loc 1 118 0
 202 0004 BD46     		mov	sp, r7
 203 0006 80BC     		pop	{r7}
 204 0008 7047     		bx	lr
 205              		.cfi_endproc
 206              	.LFE33:
 208 000a C046     		.section	.text.PendSV_Handler,"ax",%progbits
 209              		.align	2
 210              		.global	PendSV_Handler
 211              		.thumb
 212              		.thumb_func
 214              	PendSV_Handler:
 215              	.LFB34:
 119:stm32f10x_it.c **** 
 120:stm32f10x_it.c **** /**
 121:stm32f10x_it.c ****   * @brief  This function handles PendSVC exception.
 122:stm32f10x_it.c ****   * @param  None
 123:stm32f10x_it.c ****   * @retval None
 124:stm32f10x_it.c ****   */
 125:stm32f10x_it.c **** void PendSV_Handler(void)
 126:stm32f10x_it.c **** {
 216              		.loc 1 126 0
 217              		.cfi_startproc
 218              		@ args = 0, pretend = 0, frame = 0
 219              		@ frame_needed = 1, uses_anonymous_args = 0
 220              		@ link register save eliminated.
 221 0000 80B4     		push	{r7}
 222              	.LCFI14:
 223              		.cfi_def_cfa_offset 4
 224 0002 00AF     		add	r7, sp, #0
 225              		.cfi_offset 7, -4
 226              	.LCFI15:
 227              		.cfi_def_cfa_register 7
 127:stm32f10x_it.c **** }
 228              		.loc 1 127 0
 229 0004 BD46     		mov	sp, r7
 230 0006 80BC     		pop	{r7}
 231 0008 7047     		bx	lr
 232              		.cfi_endproc
 233              	.LFE34:
 235 000a C046     		.section	.text.SysTick_Handler,"ax",%progbits
 236              		.align	2
 237              		.global	SysTick_Handler
 238              		.thumb
 239              		.thumb_func
 241              	SysTick_Handler:
 242              	.LFB35:
 128:stm32f10x_it.c **** 
 129:stm32f10x_it.c **** /**
 130:stm32f10x_it.c ****   * @brief  This function handles SysTick Handler.
 131:stm32f10x_it.c ****   * @param  None
 132:stm32f10x_it.c ****   * @retval None
 133:stm32f10x_it.c ****   */
 134:stm32f10x_it.c **** void SysTick_Handler(void)
 135:stm32f10x_it.c **** {
 243              		.loc 1 135 0
 244              		.cfi_startproc
 245              		@ args = 0, pretend = 0, frame = 0
 246              		@ frame_needed = 1, uses_anonymous_args = 0
 247              		@ link register save eliminated.
 248 0000 80B4     		push	{r7}
 249              	.LCFI16:
 250              		.cfi_def_cfa_offset 4
 251 0002 00AF     		add	r7, sp, #0
 252              		.cfi_offset 7, -4
 253              	.LCFI17:
 254              		.cfi_def_cfa_register 7
 136:stm32f10x_it.c **** }
 255              		.loc 1 136 0
 256 0004 BD46     		mov	sp, r7
 257 0006 80BC     		pop	{r7}
 258 0008 7047     		bx	lr
 259              		.cfi_endproc
 260              	.LFE35:
 262 000a C046     		.text
 263              	.Letext0:
DEFINED SYMBOLS
                            *ABS*:00000000 stm32f10x_it.c
                            .text:00000000 $t
     /tmp/cca1YyEu.s:28     .text.NMI_Handler:00000000 NMI_Handler
     /tmp/cca1YyEu.s:25     .text.NMI_Handler:00000000 $t
     /tmp/cca1YyEu.s:56     .text.HardFault_Handler:00000000 HardFault_Handler
     /tmp/cca1YyEu.s:53     .text.HardFault_Handler:00000000 $t
     /tmp/cca1YyEu.s:82     .text.MemManage_Handler:00000000 MemManage_Handler
     /tmp/cca1YyEu.s:79     .text.MemManage_Handler:00000000 $t
     /tmp/cca1YyEu.s:108    .text.BusFault_Handler:00000000 BusFault_Handler
     /tmp/cca1YyEu.s:105    .text.BusFault_Handler:00000000 $t
     /tmp/cca1YyEu.s:134    .text.UsageFault_Handler:00000000 UsageFault_Handler
     /tmp/cca1YyEu.s:131    .text.UsageFault_Handler:00000000 $t
     /tmp/cca1YyEu.s:160    .text.SVC_Handler:00000000 SVC_Handler
     /tmp/cca1YyEu.s:157    .text.SVC_Handler:00000000 $t
     /tmp/cca1YyEu.s:187    .text.DebugMon_Handler:00000000 DebugMon_Handler
     /tmp/cca1YyEu.s:184    .text.DebugMon_Handler:00000000 $t
     /tmp/cca1YyEu.s:214    .text.PendSV_Handler:00000000 PendSV_Handler
     /tmp/cca1YyEu.s:211    .text.PendSV_Handler:00000000 $t
     /tmp/cca1YyEu.s:241    .text.SysTick_Handler:00000000 SysTick_Handler
     /tmp/cca1YyEu.s:238    .text.SysTick_Handler:00000000 $t
     /tmp/cca1YyEu.s:267    .debug_loc:00000000 $d

NO UNDEFINED SYMBOLS
