   1              		.syntax unified
   2              		.cpu cortex-m3
   3              		.fpu softvfp
   4              		.eabi_attribute 20, 1
   5              		.eabi_attribute 21, 1
   6              		.eabi_attribute 23, 3
   7              		.eabi_attribute 24, 1
   8              		.eabi_attribute 25, 1
   9              		.eabi_attribute 26, 1
  10              		.eabi_attribute 30, 6
  11              		.eabi_attribute 18, 4
  12              		.thumb
  13              		.file	"ControlPacket.cpp"
  21              	.Ltext0:
  22              		.section	.text._ZN13ControlPacketC2Ev,"ax",%progbits
  23              		.align	2
  24              		.global	_ZN13ControlPacketC2Ev
  25              		.thumb
  26              		.thumb_func
  28              	_ZN13ControlPacketC2Ev:
  29              	.LFB1:
  30              		.file 1 "usb/ControlPacket.cpp"
   1:usb/ControlPacket.cpp **** /*
   2:usb/ControlPacket.cpp ****  * ControlPacket.cpp
   3:usb/ControlPacket.cpp ****  *
   4:usb/ControlPacket.cpp ****  *  Created on: Oct 27, 2009
   5:usb/ControlPacket.cpp ****  *      Author: fgervais
   6:usb/ControlPacket.cpp ****  */
   7:usb/ControlPacket.cpp **** 
   8:usb/ControlPacket.cpp **** #include "ControlPacket.h"
   9:usb/ControlPacket.cpp **** 
  10:usb/ControlPacket.cpp **** #include <stdint.h>
  11:usb/ControlPacket.cpp **** 
  12:usb/ControlPacket.cpp **** ControlPacket::ControlPacket() {
  31              		.loc 1 12 0
  32              		.cfi_startproc
  33              		@ args = 0, pretend = 0, frame = 8
  34              		@ frame_needed = 1, uses_anonymous_args = 0
  35              		@ link register save eliminated.
  36 0000 80B4     		push	{r7}
  37              	.LCFI0:
  38              		.cfi_def_cfa_offset 4
  39 0002 83B0     		sub	sp, sp, #12
  40              	.LCFI1:
  41              		.cfi_def_cfa_offset 16
  42 0004 00AF     		add	r7, sp, #0
  43              		.cfi_offset 7, -4
  44              	.LCFI2:
  45              		.cfi_def_cfa_register 7
  46 0006 7860     		str	r0, [r7, #4]
  47              		.loc 1 12 0
  48 0008 7B68     		ldr	r3, [r7, #4]
  49 000a 044A     		ldr	r2, .L4
  50 000c 1A60     		str	r2, [r3, #0]
  13:usb/ControlPacket.cpp **** }
  51              		.loc 1 13 0
  52 000e 7B68     		ldr	r3, [r7, #4]
  53 0010 1846     		mov	r0, r3
  54 0012 07F10C07 		add	r7, r7, #12
  55 0016 BD46     		mov	sp, r7
  56 0018 80BC     		pop	{r7}
  57 001a 7047     		bx	lr
  58              	.L5:
  59              		.align	2
  60              	.L4:
  61 001c 08000000 		.word	_ZTV13ControlPacket+8
  62              		.cfi_endproc
  63              	.LFE1:
  65              		.section	.text._ZN13ControlPacketC1Ev,"ax",%progbits
  66              		.align	2
  67              		.global	_ZN13ControlPacketC1Ev
  68              		.thumb
  69              		.thumb_func
  71              	_ZN13ControlPacketC1Ev:
  72              	.LFB2:
  73              		.loc 1 12 0
  74              		.cfi_startproc
  75              		@ args = 0, pretend = 0, frame = 8
  76              		@ frame_needed = 1, uses_anonymous_args = 0
  77              		@ link register save eliminated.
  78 0000 80B4     		push	{r7}
  79              	.LCFI3:
  80              		.cfi_def_cfa_offset 4
  81 0002 83B0     		sub	sp, sp, #12
  82              	.LCFI4:
  83              		.cfi_def_cfa_offset 16
  84 0004 00AF     		add	r7, sp, #0
  85              		.cfi_offset 7, -4
  86              	.LCFI5:
  87              		.cfi_def_cfa_register 7
  88 0006 7860     		str	r0, [r7, #4]
  89              		.loc 1 12 0
  90 0008 7B68     		ldr	r3, [r7, #4]
  91 000a 044A     		ldr	r2, .L9
  92 000c 1A60     		str	r2, [r3, #0]
  93              		.loc 1 13 0
  94 000e 7B68     		ldr	r3, [r7, #4]
  95 0010 1846     		mov	r0, r3
  96 0012 07F10C07 		add	r7, r7, #12
  97 0016 BD46     		mov	sp, r7
  98 0018 80BC     		pop	{r7}
  99 001a 7047     		bx	lr
 100              	.L10:
 101              		.align	2
 102              	.L9:
 103 001c 08000000 		.word	_ZTV13ControlPacket+8
 104              		.cfi_endproc
 105              	.LFE2:
 107              		.section	.text._ZN13ControlPacketD2Ev,"ax",%progbits
 108              		.align	2
 109              		.global	_ZN13ControlPacketD2Ev
 110              		.thumb
 111              		.thumb_func
 113              	_ZN13ControlPacketD2Ev:
 114              	.LFB4:
  14:usb/ControlPacket.cpp **** 
  15:usb/ControlPacket.cpp **** ControlPacket::~ControlPacket() {
 115              		.loc 1 15 0
 116              		.cfi_startproc
 117              		@ args = 0, pretend = 0, frame = 8
 118              		@ frame_needed = 1, uses_anonymous_args = 0
 119 0000 80B5     		push	{r7, lr}
 120              	.LCFI6:
 121              		.cfi_def_cfa_offset 8
 122 0002 82B0     		sub	sp, sp, #8
 123              	.LCFI7:
 124              		.cfi_def_cfa_offset 16
 125 0004 00AF     		add	r7, sp, #0
 126              		.cfi_offset 14, -4
 127              		.cfi_offset 7, -8
 128              	.LCFI8:
 129              		.cfi_def_cfa_register 7
 130 0006 7860     		str	r0, [r7, #4]
 131              		.loc 1 15 0
 132 0008 7B68     		ldr	r3, [r7, #4]
 133 000a 084A     		ldr	r2, .L15
 134 000c 1A60     		str	r2, [r3, #0]
  16:usb/ControlPacket.cpp **** 
  17:usb/ControlPacket.cpp **** }
 135              		.loc 1 17 0
 136 000e 4FF00003 		mov	r3, #0
 137 0012 DBB2     		uxtb	r3, r3
 138 0014 002B     		cmp	r3, #0
 139 0016 02D0     		beq	.L13
 140 0018 7868     		ldr	r0, [r7, #4]
 141 001a FFF7FEFF 		bl	_ZdlPv
 142              	.L13:
 143 001e 7B68     		ldr	r3, [r7, #4]
 144 0020 1846     		mov	r0, r3
 145 0022 07F10807 		add	r7, r7, #8
 146 0026 BD46     		mov	sp, r7
 147 0028 80BD     		pop	{r7, pc}
 148              	.L16:
 149 002a C046     		.align	2
 150              	.L15:
 151 002c 08000000 		.word	_ZTV13ControlPacket+8
 152              		.cfi_endproc
 153              	.LFE4:
 155              		.section	.text._ZN13ControlPacketD1Ev,"ax",%progbits
 156              		.align	2
 157              		.global	_ZN13ControlPacketD1Ev
 158              		.thumb
 159              		.thumb_func
 161              	_ZN13ControlPacketD1Ev:
 162              	.LFB5:
 163              		.loc 1 15 0
 164              		.cfi_startproc
 165              		@ args = 0, pretend = 0, frame = 8
 166              		@ frame_needed = 1, uses_anonymous_args = 0
 167 0000 80B5     		push	{r7, lr}
 168              	.LCFI9:
 169              		.cfi_def_cfa_offset 8
 170 0002 82B0     		sub	sp, sp, #8
 171              	.LCFI10:
 172              		.cfi_def_cfa_offset 16
 173 0004 00AF     		add	r7, sp, #0
 174              		.cfi_offset 14, -4
 175              		.cfi_offset 7, -8
 176              	.LCFI11:
 177              		.cfi_def_cfa_register 7
 178 0006 7860     		str	r0, [r7, #4]
 179              		.loc 1 15 0
 180 0008 7B68     		ldr	r3, [r7, #4]
 181 000a 084A     		ldr	r2, .L21
 182 000c 1A60     		str	r2, [r3, #0]
 183              		.loc 1 17 0
 184 000e 4FF00003 		mov	r3, #0
 185 0012 DBB2     		uxtb	r3, r3
 186 0014 002B     		cmp	r3, #0
 187 0016 02D0     		beq	.L19
 188 0018 7868     		ldr	r0, [r7, #4]
 189 001a FFF7FEFF 		bl	_ZdlPv
 190              	.L19:
 191 001e 7B68     		ldr	r3, [r7, #4]
 192 0020 1846     		mov	r0, r3
 193 0022 07F10807 		add	r7, r7, #8
 194 0026 BD46     		mov	sp, r7
 195 0028 80BD     		pop	{r7, pc}
 196              	.L22:
 197 002a C046     		.align	2
 198              	.L21:
 199 002c 08000000 		.word	_ZTV13ControlPacket+8
 200              		.cfi_endproc
 201              	.LFE5:
 203              		.section	.text._ZN13ControlPacketD0Ev,"ax",%progbits
 204              		.align	2
 205              		.global	_ZN13ControlPacketD0Ev
 206              		.thumb
 207              		.thumb_func
 209              	_ZN13ControlPacketD0Ev:
 210              	.LFB6:
 211              		.loc 1 15 0
 212              		.cfi_startproc
 213              		@ args = 0, pretend = 0, frame = 8
 214              		@ frame_needed = 1, uses_anonymous_args = 0
 215 0000 80B5     		push	{r7, lr}
 216              	.LCFI12:
 217              		.cfi_def_cfa_offset 8
 218 0002 82B0     		sub	sp, sp, #8
 219              	.LCFI13:
 220              		.cfi_def_cfa_offset 16
 221 0004 00AF     		add	r7, sp, #0
 222              		.cfi_offset 14, -4
 223              		.cfi_offset 7, -8
 224              	.LCFI14:
 225              		.cfi_def_cfa_register 7
 226 0006 7860     		str	r0, [r7, #4]
 227              		.loc 1 15 0
 228 0008 7B68     		ldr	r3, [r7, #4]
 229 000a 084A     		ldr	r2, .L27
 230 000c 1A60     		str	r2, [r3, #0]
 231              		.loc 1 17 0
 232 000e 4FF00103 		mov	r3, #1
 233 0012 DBB2     		uxtb	r3, r3
 234 0014 002B     		cmp	r3, #0
 235 0016 02D0     		beq	.L25
 236 0018 7868     		ldr	r0, [r7, #4]
 237 001a FFF7FEFF 		bl	_ZdlPv
 238              	.L25:
 239 001e 7B68     		ldr	r3, [r7, #4]
 240 0020 1846     		mov	r0, r3
 241 0022 07F10807 		add	r7, r7, #8
 242 0026 BD46     		mov	sp, r7
 243 0028 80BD     		pop	{r7, pc}
 244              	.L28:
 245 002a C046     		.align	2
 246              	.L27:
 247 002c 08000000 		.word	_ZTV13ControlPacket+8
 248              		.cfi_endproc
 249              	.LFE6:
 251              		.section	.text._ZN13ControlPacket7toArrayEv,"ax",%progbits
 252              		.align	2
 253              		.global	_ZN13ControlPacket7toArrayEv
 254              		.thumb
 255              		.thumb_func
 257              	_ZN13ControlPacket7toArrayEv:
 258              	.LFB7:
  18:usb/ControlPacket.cpp **** 
  19:usb/ControlPacket.cpp **** uint8_t* ControlPacket::toArray() {
 259              		.loc 1 19 0
 260              		.cfi_startproc
 261              		@ args = 0, pretend = 0, frame = 8
 262              		@ frame_needed = 1, uses_anonymous_args = 0
 263              		@ link register save eliminated.
 264 0000 80B4     		push	{r7}
 265              	.LCFI15:
 266              		.cfi_def_cfa_offset 4
 267 0002 83B0     		sub	sp, sp, #12
 268              	.LCFI16:
 269              		.cfi_def_cfa_offset 16
 270 0004 00AF     		add	r7, sp, #0
 271              		.cfi_offset 7, -4
 272              	.LCFI17:
 273              		.cfi_def_cfa_register 7
 274 0006 7860     		str	r0, [r7, #4]
  20:usb/ControlPacket.cpp **** 	rawPacket[0] = requestType;
 275              		.loc 1 20 0
 276 0008 7B68     		ldr	r3, [r7, #4]
 277 000a 1A79     		ldrb	r2, [r3, #4]	@ zero_extendqisi2
 278 000c 7B68     		ldr	r3, [r7, #4]
 279 000e 1A73     		strb	r2, [r3, #12]
  21:usb/ControlPacket.cpp **** 	rawPacket[1] = request;
 280              		.loc 1 21 0
 281 0010 7B68     		ldr	r3, [r7, #4]
 282 0012 5A79     		ldrb	r2, [r3, #5]	@ zero_extendqisi2
 283 0014 7B68     		ldr	r3, [r7, #4]
 284 0016 5A73     		strb	r2, [r3, #13]
  22:usb/ControlPacket.cpp **** 	rawPacket[2] = (uint8_t)(value & 0x00FF);
 285              		.loc 1 22 0
 286 0018 7B68     		ldr	r3, [r7, #4]
 287 001a DB88     		ldrh	r3, [r3, #6]
 288 001c DAB2     		uxtb	r2, r3
 289 001e 7B68     		ldr	r3, [r7, #4]
 290 0020 9A73     		strb	r2, [r3, #14]
  23:usb/ControlPacket.cpp **** 	rawPacket[3] = (uint8_t)((value >> 8) & 0x00FF);
 291              		.loc 1 23 0
 292 0022 7B68     		ldr	r3, [r7, #4]
 293 0024 DB88     		ldrh	r3, [r3, #6]
 294 0026 4FEA1323 		lsr	r3, r3, #8
 295 002a 9BB2     		uxth	r3, r3
 296 002c DAB2     		uxtb	r2, r3
 297 002e 7B68     		ldr	r3, [r7, #4]
 298 0030 DA73     		strb	r2, [r3, #15]
  24:usb/ControlPacket.cpp **** 	rawPacket[4] = (uint8_t)(index & 0x00FF);
 299              		.loc 1 24 0
 300 0032 7B68     		ldr	r3, [r7, #4]
 301 0034 1B89     		ldrh	r3, [r3, #8]
 302 0036 DAB2     		uxtb	r2, r3
 303 0038 7B68     		ldr	r3, [r7, #4]
 304 003a 1A74     		strb	r2, [r3, #16]
  25:usb/ControlPacket.cpp **** 	rawPacket[5] = (uint8_t)((index >> 8) & 0x00FF);
 305              		.loc 1 25 0
 306 003c 7B68     		ldr	r3, [r7, #4]
 307 003e 1B89     		ldrh	r3, [r3, #8]
 308 0040 4FEA1323 		lsr	r3, r3, #8
 309 0044 9BB2     		uxth	r3, r3
 310 0046 DAB2     		uxtb	r2, r3
 311 0048 7B68     		ldr	r3, [r7, #4]
 312 004a 5A74     		strb	r2, [r3, #17]
  26:usb/ControlPacket.cpp **** 	rawPacket[6] = (uint8_t)(length & 0x00FF);
 313              		.loc 1 26 0
 314 004c 7B68     		ldr	r3, [r7, #4]
 315 004e 5B89     		ldrh	r3, [r3, #10]
 316 0050 DAB2     		uxtb	r2, r3
 317 0052 7B68     		ldr	r3, [r7, #4]
 318 0054 9A74     		strb	r2, [r3, #18]
  27:usb/ControlPacket.cpp **** 	rawPacket[7] = (uint8_t)((length >> 8) & 0x00FF);
 319              		.loc 1 27 0
 320 0056 7B68     		ldr	r3, [r7, #4]
 321 0058 5B89     		ldrh	r3, [r3, #10]
 322 005a 4FEA1323 		lsr	r3, r3, #8
 323 005e 9BB2     		uxth	r3, r3
 324 0060 DAB2     		uxtb	r2, r3
 325 0062 7B68     		ldr	r3, [r7, #4]
 326 0064 DA74     		strb	r2, [r3, #19]
  28:usb/ControlPacket.cpp **** 
  29:usb/ControlPacket.cpp **** 	return rawPacket;
 327              		.loc 1 29 0
 328 0066 7B68     		ldr	r3, [r7, #4]
 329 0068 03F10C03 		add	r3, r3, #12
  30:usb/ControlPacket.cpp **** }
 330              		.loc 1 30 0
 331 006c 1846     		mov	r0, r3
 332 006e 07F10C07 		add	r7, r7, #12
 333 0072 BD46     		mov	sp, r7
 334 0074 80BC     		pop	{r7}
 335 0076 7047     		bx	lr
 336              		.cfi_endproc
 337              	.LFE7:
 339              		.global	_ZTV13ControlPacket
 340              		.section	.rodata._ZTV13ControlPacket,"a",%progbits
 341              		.align	3
 344              	_ZTV13ControlPacket:
 345 0000 00000000 		.word	0
 346 0004 00000000 		.word	0
 347 0008 00000000 		.word	_ZN13ControlPacketD1Ev
 348 000c 00000000 		.word	_ZN13ControlPacketD0Ev
 349              		.text
 350              	.Letext0:
DEFINED SYMBOLS
                            *ABS*:00000000 ControlPacket.cpp
                            .text:00000000 $t
     /tmp/ccxE6xjd.s:28     .text._ZN13ControlPacketC2Ev:00000000 _ZN13ControlPacketC2Ev
     /tmp/ccxE6xjd.s:25     .text._ZN13ControlPacketC2Ev:00000000 $t
     /tmp/ccxE6xjd.s:61     .text._ZN13ControlPacketC2Ev:0000001c $d
     /tmp/ccxE6xjd.s:344    .rodata._ZTV13ControlPacket:00000000 _ZTV13ControlPacket
     /tmp/ccxE6xjd.s:71     .text._ZN13ControlPacketC1Ev:00000000 _ZN13ControlPacketC1Ev
     /tmp/ccxE6xjd.s:68     .text._ZN13ControlPacketC1Ev:00000000 $t
     /tmp/ccxE6xjd.s:103    .text._ZN13ControlPacketC1Ev:0000001c $d
     /tmp/ccxE6xjd.s:113    .text._ZN13ControlPacketD2Ev:00000000 _ZN13ControlPacketD2Ev
     /tmp/ccxE6xjd.s:110    .text._ZN13ControlPacketD2Ev:00000000 $t
     /tmp/ccxE6xjd.s:151    .text._ZN13ControlPacketD2Ev:0000002c $d
     /tmp/ccxE6xjd.s:161    .text._ZN13ControlPacketD1Ev:00000000 _ZN13ControlPacketD1Ev
     /tmp/ccxE6xjd.s:158    .text._ZN13ControlPacketD1Ev:00000000 $t
     /tmp/ccxE6xjd.s:199    .text._ZN13ControlPacketD1Ev:0000002c $d
     /tmp/ccxE6xjd.s:209    .text._ZN13ControlPacketD0Ev:00000000 _ZN13ControlPacketD0Ev
     /tmp/ccxE6xjd.s:206    .text._ZN13ControlPacketD0Ev:00000000 $t
     /tmp/ccxE6xjd.s:247    .text._ZN13ControlPacketD0Ev:0000002c $d
     /tmp/ccxE6xjd.s:257    .text._ZN13ControlPacket7toArrayEv:00000000 _ZN13ControlPacket7toArrayEv
     /tmp/ccxE6xjd.s:254    .text._ZN13ControlPacket7toArrayEv:00000000 $t
     /tmp/ccxE6xjd.s:345    .rodata._ZTV13ControlPacket:00000000 $d
     /tmp/ccxE6xjd.s:354    .debug_loc:00000000 $d

UNDEFINED SYMBOLS
_ZdlPv
